0 info it worked if it ends with ok
1 verbose cli [ '/usr/local/bin/node',
1 verbose cli   '/usr/local/bin/npm',
1 verbose cli   'install',
1 verbose cli   'bunyan' ]
2 info using npm@3.10.10
3 info using node@v6.10.1
4 silly loadCurrentTree Starting
5 silly install loadCurrentTree
6 silly install readLocalPackageData
7 verbose stack Error: No callback provided to asyncMap
7 verbose stack     at asyncMap (/usr/local/lib/node_modules/npm/node_modules/slide/lib/async-map.js:18:40)
7 verbose stack     at exports.getAllMetadata (/usr/local/lib/node_modules/npm/lib/install/deps.js:216:3)
7 verbose stack     at Object.Installer.loadArgMetadata (/usr/local/lib/node_modules/npm/lib/install.js:319:3)
7 verbose stack     at ReadFileContext.<anonymous> (/usr/local/lib/node_modules/npm/lib/install.js:614:31)
7 verbose stack     at ReadFileContext.callback (/usr/local/lib/node_modules/npm/node_modules/graceful-fs/graceful-fs.js:78:16)
7 verbose stack     at FSReqWrap.readFileAfterOpen [as oncomplete] (fs.js:366:13)
8 verbose cwd /Users/johnson1/WebstormProjects/declarationServer
9 error Darwin 16.0.0
10 error argv "/usr/local/bin/node" "/usr/local/bin/npm" "install" "bunyan"
11 error node v6.10.1
12 error npm  v3.10.10
13 error No callback provided to asyncMap
14 error If you need help, you may report this error at:
14 error     <https://github.com/npm/npm/issues>
15 verbose exit [ 1, true ]
